4.0754 	ERROR 	Plugin `psychopy-cedrus` entry point requires module `psychopy_cedrus`, but it cannot be imported.
7.9314 	DEBUG 	Fullscreen settings ignored as running in pilot mode.
7.9328 	INFO 	Loaded monitor calibration from ['2024_04_21 12:03']
8.1714 	EXP 	Created window1 = Window(allowGUI=True, allowStencil=False, autoLog=True, backendConf=UNKNOWN, backgroundFit=<method-wrapper '__getattribute__' of attributeSetter object at 0x7f8a30cf6f10>, backgroundImage=<method-wrapper '__getattribute__' of attributeSetter object at 0x7f8a30cf6eb0>, bitsMode=UNKNOWN, blendMode='avg', bpc=(8, 8, 8), color=array([0, 0, 0]), colorSpace='rgb', depthBits=8, fullscr=<method-wrapper '__getattribute__' of attributeSetter object at 0x7f8a30cf6ca0>, gamma=None, gammaErrorPolicy='raise', infoMsg=UNKNOWN, lms=UNKNOWN, monitor=<psychopy.monitors.calibTools.Monitor object at 0x7f8a318e1700>, multiSample=False, name='window1', numSamples=2, pos=[464.0, 258.0], screen=0, size=array([2048, 1536]), stencilBits=0, stereo=False, title='PsychoPy', units='height', useFBO=True, useRetina=True, viewOri=0.0, viewPos=None, viewScale=None, waitBlanking=True, winType='pyglet')
8.1715 	EXP 	window1: mouseVisible = True
8.1715 	EXP 	window1: backgroundImage = ''
8.1715 	EXP 	window1: backgroundFit = 'none'
8.1717 	EXP 	window1: mouseVisible = True
8.1719 	EXP 	window1: mouseVisible = True
8.1742 	EXP 	window1: mouseVisible = True
8.1747 	EXP 	window1: mouseVisible = True
8.1854 	DEBUG 	TextBox2 loaded 1 chars with 0 blanks and 1 valid
8.1862 	DEBUG 	TextBox2 loaded 1 chars with 0 blanks and 1 valid
8.1871 	DEBUG 	TextBox2 loaded 1 chars with 0 blanks and 1 valid
8.1883 	DEBUG 	TextBox2 loaded 1 chars with 0 blanks and 1 valid
8.1894 	DEBUG 	TextBox2 loaded 1 chars with 0 blanks and 1 valid
8.1899 	DEBUG 	TextBox2 loaded 1 chars with 0 blanks and 1 valid
8.1907 	DEBUG 	TextBox2 loaded 1 chars with 0 blanks and 1 valid
8.1920 	DEBUG 	TextBox2 loaded 1 chars with 0 blanks and 1 valid
8.1923 	DEBUG 	TextBox2 loaded 1 chars with 0 blanks and 1 valid
8.1926 	DEBUG 	TextBox2 loaded 1 chars with 0 blanks and 1 valid
8.1935 	DEBUG 	TextBox2 loaded 1 chars with 0 blanks and 1 valid
8.1943 	DEBUG 	TextBox2 loaded 1 chars with 0 blanks and 1 valid
8.1950 	DEBUG 	TextBox2 loaded 1 chars with 0 blanks and 1 valid
8.1959 	DEBUG 	TextBox2 loaded 1 chars with 0 blanks and 1 valid
8.1965 	DEBUG 	TextBox2 loaded 1 chars with 0 blanks and 1 valid
8.1975 	DEBUG 	TextBox2 loaded 1 chars with 0 blanks and 1 valid
8.1984 	DEBUG 	TextBox2 loaded 1 chars with 0 blanks and 1 valid
8.1987 	DEBUG 	TextBox2 loaded 1 chars with 0 blanks and 1 valid
8.1991 	DEBUG 	TextBox2 loaded 1 chars with 0 blanks and 1 valid
8.2004 	DEBUG 	TextBox2 loaded 1 chars with 0 blanks and 1 valid
8.2009 	DEBUG 	TextBox2 loaded 1 chars with 0 blanks and 1 valid
8.2013 	DEBUG 	Uploading Texture Font fontname to graphics card
8.2053 	DEBUG 	Upload of Texture Font fontname complete
8.2076 	EXP 	window1: mouseVisible = True
8.2077 	EXP 	window1: mouseVisible = True
8.2083 	EXP 	window1: mouseVisible = True
8.2088 	EXP 	window1: mouseVisible = True
8.2129 	DEBUG 	TextBox2 loaded 1 chars with 0 blanks and 1 valid
8.2141 	DEBUG 	TextBox2 loaded 1 chars with 0 blanks and 1 valid
8.2153 	DEBUG 	TextBox2 loaded 1 chars with 0 blanks and 1 valid
8.2155 	DEBUG 	Uploading Texture Font fontname to graphics card
8.2176 	DEBUG 	Upload of Texture Font fontname complete
8.2203 	EXP 	window1: Attempting to measure frame rate of screen (0) ...
8.2204 	EXP 	window1: recordFrameIntervals = False
8.4498 	EXP 	window1: recordFrameIntervals = True
9.2854 	WARNING 	Couldn't measure a consistent frame rate!
  - Is your graphics card set to sync to vertical blank?
  - Are you running other processes on your computer?

9.2855 	EXP 	window1: mouseVisible = False
9.2859 	EXP 	window1: mouseVisible = True
9.2861 	EXP 	window1: mouseVisible = True
9.2869 	EXP 	window1: mouseVisible = True
9.2877 	EXP 	window1: mouseVisible = True
9.2941 	DEBUG 	TextBox2 loaded 1 chars with 0 blanks and 1 valid
9.2948 	DEBUG 	TextBox2 loaded 1 chars with 0 blanks and 1 valid
9.2962 	DEBUG 	TextBox2 loaded 1 chars with 0 blanks and 1 valid
9.2981 	DEBUG 	TextBox2 loaded 1 chars with 0 blanks and 1 valid
9.2999 	DEBUG 	TextBox2 loaded 1 chars with 0 blanks and 1 valid
9.3016 	DEBUG 	TextBox2 loaded 1 chars with 0 blanks and 1 valid
9.3022 	DEBUG 	TextBox2 loaded 1 chars with 0 blanks and 1 valid
9.3036 	DEBUG 	TextBox2 loaded 1 chars with 0 blanks and 1 valid
9.3051 	DEBUG 	TextBox2 loaded 1 chars with 0 blanks and 1 valid
9.3066 	DEBUG 	TextBox2 loaded 1 chars with 0 blanks and 1 valid
9.3069 	DEBUG 	Uploading Texture Font fontname to graphics card
9.3100 	DEBUG 	Upload of Texture Font fontname complete
9.3130 	EXP 	window1: mouseVisible = True
9.3132 	EXP 	window1: mouseVisible = True
9.3137 	EXP 	window1: mouseVisible = True
9.3143 	EXP 	window1: mouseVisible = True
9.3305 	WARNING 	launchHubServer: If using the iohub mouse or eyetracker devices, fullScr should be True.
11.1522 	INFO 	keyboard.Keyboard is using iohub backend.
11.1523 	INFO 	keyboard.Keyboard is using iohub backend.
11.1523 	EXP 	untitled: status = STARTED
11.1531 	EXP 	window1: mouseVisible = True
11.2182 	EXP 	Created text = TextStim(__class__=<class 'psychopy.visual.text.TextStim'>, alignHoriz=method-wrapper(...), alignText='center', alignVert=method-wrapper(...), anchorHoriz='center', anchorVert='center', antialias=True, autoDraw=False, autoLog=True, bold=False, color=array([1., 1., 1.]), colorSpace='rgb', contrast=1.0, depth=0.0, draggable=False, flipHoriz=False, flipVert=False, font='Open Sans', fontFiles=[], height=0.05000000000000001, italic=False, languageStyle='LTR', name='text', opacity=1.0, ori=0.0, pos=array([0., 0.]), rgb=UNKNOWN, text=str(...), units='height', win=Window(...), wrapWidth=1)
0.0264 	INFO 	Keyboard events cleared
0.0258 	EXP 	text: autoDraw = True
0.0258 	EXP 	text: autoDraw = False
0.0286 	EXP 	untitled: status = STOPPED
0.0302 	INFO 	saved data to '/Users/sopsahl/Desktop/9-60-Project/data/247526_untitled_2024-04-26_11h37.15.192.csv'
0.0313 	INFO 	saved data to /Users/sopsahl/Desktop/9-60-Project/data/247526_untitled_2024-04-26_11h37.15.192.psydat
0.0488 	EXP 	window1: mouseVisible = True
0.3493 	DEBUG 	Saving data for untitled ExperimentHandler
