3.6225 	ERROR 	Plugin `psychopy-cedrus` entry point requires module `psychopy_cedrus`, but it cannot be imported.
6.4072 	DEBUG 	Fullscreen settings ignored as running in pilot mode.
6.4084 	INFO 	Loaded monitor calibration from ['2024_04_21 12:03']
6.6087 	EXP 	Created window1 = Window(allowGUI=True, allowStencil=False, autoLog=True, backendConf=UNKNOWN, backgroundFit=<method-wrapper '__getattribute__' of attributeSetter object at 0x7fb293e1fca0>, backgroundImage=<method-wrapper '__getattribute__' of attributeSetter object at 0x7fb293e1fc40>, bitsMode=UNKNOWN, blendMode='avg', bpc=(8, 8, 8), color=array([0, 0, 0]), colorSpace='rgb', depthBits=8, fullscr=<method-wrapper '__getattribute__' of attributeSetter object at 0x7fb293e1f730>, gamma=None, gammaErrorPolicy='raise', infoMsg=UNKNOWN, lms=UNKNOWN, monitor=<psychopy.monitors.calibTools.Monitor object at 0x7fb277071460>, multiSample=False, name='window1', numSamples=2, pos=[464.0, 258.0], screen=0, size=array([2048, 1536]), stencilBits=0, stereo=False, title='PsychoPy', units='height', useFBO=True, useRetina=True, viewOri=0.0, viewPos=None, viewScale=None, waitBlanking=True, winType='pyglet')
6.6088 	EXP 	window1: mouseVisible = True
6.6088 	EXP 	window1: backgroundImage = ''
6.6088 	EXP 	window1: backgroundFit = 'none'
6.6090 	EXP 	window1: mouseVisible = True
6.6092 	EXP 	window1: mouseVisible = True
6.6110 	EXP 	window1: mouseVisible = True
6.6115 	EXP 	window1: mouseVisible = True
6.6177 	DEBUG 	TextBox2 loaded 1 chars with 0 blanks and 1 valid
6.6185 	DEBUG 	TextBox2 loaded 1 chars with 0 blanks and 1 valid
6.6194 	DEBUG 	TextBox2 loaded 1 chars with 0 blanks and 1 valid
6.6206 	DEBUG 	TextBox2 loaded 1 chars with 0 blanks and 1 valid
6.6218 	DEBUG 	TextBox2 loaded 1 chars with 0 blanks and 1 valid
6.6223 	DEBUG 	TextBox2 loaded 1 chars with 0 blanks and 1 valid
6.6231 	DEBUG 	TextBox2 loaded 1 chars with 0 blanks and 1 valid
6.6243 	DEBUG 	TextBox2 loaded 1 chars with 0 blanks and 1 valid
6.6245 	DEBUG 	TextBox2 loaded 1 chars with 0 blanks and 1 valid
6.6248 	DEBUG 	TextBox2 loaded 1 chars with 0 blanks and 1 valid
6.6257 	DEBUG 	TextBox2 loaded 1 chars with 0 blanks and 1 valid
6.6265 	DEBUG 	TextBox2 loaded 1 chars with 0 blanks and 1 valid
6.6272 	DEBUG 	TextBox2 loaded 1 chars with 0 blanks and 1 valid
6.6281 	DEBUG 	TextBox2 loaded 1 chars with 0 blanks and 1 valid
6.6287 	DEBUG 	TextBox2 loaded 1 chars with 0 blanks and 1 valid
6.6297 	DEBUG 	TextBox2 loaded 1 chars with 0 blanks and 1 valid
6.6305 	DEBUG 	TextBox2 loaded 1 chars with 0 blanks and 1 valid
6.6309 	DEBUG 	TextBox2 loaded 1 chars with 0 blanks and 1 valid
6.6313 	DEBUG 	TextBox2 loaded 1 chars with 0 blanks and 1 valid
6.6326 	DEBUG 	TextBox2 loaded 1 chars with 0 blanks and 1 valid
6.6329 	DEBUG 	TextBox2 loaded 1 chars with 0 blanks and 1 valid
6.6330 	DEBUG 	Uploading Texture Font fontname to graphics card
6.6366 	DEBUG 	Upload of Texture Font fontname complete
6.6389 	EXP 	window1: mouseVisible = True
6.6390 	EXP 	window1: mouseVisible = True
6.6396 	EXP 	window1: mouseVisible = True
6.6401 	EXP 	window1: mouseVisible = True
6.6441 	DEBUG 	TextBox2 loaded 1 chars with 0 blanks and 1 valid
6.6453 	DEBUG 	TextBox2 loaded 1 chars with 0 blanks and 1 valid
6.6465 	DEBUG 	TextBox2 loaded 1 chars with 0 blanks and 1 valid
6.6467 	DEBUG 	Uploading Texture Font fontname to graphics card
6.6488 	DEBUG 	Upload of Texture Font fontname complete
6.6514 	EXP 	window1: Attempting to measure frame rate of screen (0) ...
6.6515 	EXP 	window1: recordFrameIntervals = False
6.8539 	EXP 	window1: recordFrameIntervals = True
7.6933 	WARNING 	Couldn't measure a consistent frame rate!
  - Is your graphics card set to sync to vertical blank?
  - Are you running other processes on your computer?

7.6934 	EXP 	window1: mouseVisible = False
7.6938 	EXP 	window1: mouseVisible = True
7.6940 	EXP 	window1: mouseVisible = True
7.6949 	EXP 	window1: mouseVisible = True
7.6958 	EXP 	window1: mouseVisible = True
7.7031 	DEBUG 	TextBox2 loaded 1 chars with 0 blanks and 1 valid
7.7038 	DEBUG 	TextBox2 loaded 1 chars with 0 blanks and 1 valid
7.7053 	DEBUG 	TextBox2 loaded 1 chars with 0 blanks and 1 valid
7.7074 	DEBUG 	TextBox2 loaded 1 chars with 0 blanks and 1 valid
7.7093 	DEBUG 	TextBox2 loaded 1 chars with 0 blanks and 1 valid
7.7113 	DEBUG 	TextBox2 loaded 1 chars with 0 blanks and 1 valid
7.7119 	DEBUG 	TextBox2 loaded 1 chars with 0 blanks and 1 valid
7.7133 	DEBUG 	TextBox2 loaded 1 chars with 0 blanks and 1 valid
7.7150 	DEBUG 	TextBox2 loaded 1 chars with 0 blanks and 1 valid
7.7166 	DEBUG 	TextBox2 loaded 1 chars with 0 blanks and 1 valid
7.7169 	DEBUG 	Uploading Texture Font fontname to graphics card
7.7197 	DEBUG 	Upload of Texture Font fontname complete
7.7227 	EXP 	window1: mouseVisible = True
7.7228 	EXP 	window1: mouseVisible = True
7.7235 	EXP 	window1: mouseVisible = True
7.7241 	EXP 	window1: mouseVisible = True
7.7397 	WARNING 	launchHubServer: If using the iohub mouse or eyetracker devices, fullScr should be True.
9.3608 	INFO 	keyboard.Keyboard is using iohub backend.
9.3609 	INFO 	keyboard.Keyboard is using iohub backend.
9.3610 	EXP 	AGEclssification: status = STARTED
9.3619 	EXP 	window1: mouseVisible = True
9.4248 	EXP 	Created text = TextStim(__class__=<class 'psychopy.visual.text.TextStim'>, alignHoriz=method-wrapper(...), alignText='center', alignVert=method-wrapper(...), anchorHoriz='center', anchorVert='center', antialias=True, autoDraw=False, autoLog=True, bold=False, color=array([1., 1., 1.]), colorSpace='rgb', contrast=1.0, depth=0.0, draggable=False, flipHoriz=False, flipVert=False, font='Open Sans', fontFiles=[], height=0.05000000000000001, italic=False, languageStyle='LTR', name='text', opacity=1.0, ori=0.0, pos=array([0., 0.]), rgb=UNKNOWN, text=str(...), units='height', win=Window(...), wrapWidth=1)
0.0237 	INFO 	Keyboard events cleared
0.0234 	EXP 	text: autoDraw = True
0.0234 	EXP 	text: autoDraw = False
0.0257 	EXP 	AGEclssification: status = STOPPED
0.0270 	INFO 	saved data to '/Users/sopsahl/Desktop/9-60-Project/data/895178_AGEclssification_2024-04-26_11h38.24.585.csv'
0.0273 	INFO 	saved data to /Users/sopsahl/Desktop/9-60-Project/data/895178_AGEclssification_2024-04-26_11h38.24.585.psydat
0.0452 	EXP 	window1: mouseVisible = True
0.3471 	DEBUG 	Saving data for AGEclssification ExperimentHandler
